<?xml version="1.0" encoding="UTF-8"?>
<testsuite xmlns:xsi="http://www.w3.org/2001/XMLSchema-instance" xsi:noNamespaceSchemaLocation="https://maven.apache.org/surefire/maven-surefire-plugin/xsd/surefire-test-report-3.0.xsd" version="3.0" name="TestSuite" time="11.525" tests="5" errors="0" skipped="1" failures="2">
  <properties>
    <property name="java.specification.version" value="21"/>
    <property name="webdriver.chrome.driver" value="/Users/sampritishome/.cache/selenium/chromedriver/mac-arm64/124.0.6367.155/chromedriver"/>
    <property name="sun.jnu.encoding" value="UTF-8"/>
    <property name="java.class.path" value="/Users/sampritishome/Documents/Automation/mavensample/target/test-classes:/Users/sampritishome/Documents/Automation/mavensample/target/classes:/Users/sampritishome/.m2/repository/org/testng/testng/7.10.1/testng-7.10.1.jar:/Users/sampritishome/.m2/repository/org/slf4j/slf4j-api/1.7.36/slf4j-api-1.7.36.jar:/Users/sampritishome/.m2/repository/com/beust/jcommander/1.82/jcommander-1.82.jar:/Users/sampritishome/.m2/repository/org/webjars/jquery/3.7.1/jquery-3.7.1.jar:/Users/sampritishome/.m2/repository/com/fasterxml/jackson/core/jackson-databind/2.17.0/jackson-databind-2.17.0.jar:/Users/sampritishome/.m2/repository/com/fasterxml/jackson/core/jackson-annotations/2.17.0/jackson-annotations-2.17.0.jar:/Users/sampritishome/.m2/repository/com/fasterxml/jackson/core/jackson-core/2.17.0/jackson-core-2.17.0.jar:/Users/sampritishome/.m2/repository/net/bytebuddy/byte-buddy/1.14.9/byte-buddy-1.14.9.jar:/Users/sampritishome/.m2/repository/io/cucumber/cucumber-java/7.17.0/cucumber-java-7.17.0.jar:/Users/sampritishome/.m2/repository/io/cucumber/cucumber-core/7.17.0/cucumber-core-7.17.0.jar:/Users/sampritishome/.m2/repository/io/cucumber/cucumber-gherkin/7.17.0/cucumber-gherkin-7.17.0.jar:/Users/sampritishome/.m2/repository/io/cucumber/cucumber-gherkin-messages/7.17.0/cucumber-gherkin-messages-7.17.0.jar:/Users/sampritishome/.m2/repository/io/cucumber/gherkin/28.0.0/gherkin-28.0.0.jar:/Users/sampritishome/.m2/repository/io/cucumber/messages/24.1.0/messages-24.1.0.jar:/Users/sampritishome/.m2/repository/io/cucumber/testng-xml-formatter/0.1.0/testng-xml-formatter-0.1.0.jar:/Users/sampritishome/.m2/repository/io/cucumber/query/12.1.2/query-12.1.2.jar:/Users/sampritishome/.m2/repository/io/cucumber/tag-expressions/6.1.0/tag-expressions-6.1.0.jar:/Users/sampritishome/.m2/repository/io/cucumber/cucumber-expressions/17.1.0/cucumber-expressions-17.1.0.jar:/Users/sampritishome/.m2/repository/io/cucumber/datatable/7.17.0/datatable-7.17.0.jar:/Users/sampritishome/.m2/repository/io/cucumber/cucumber-plugin/7.17.0/cucumber-plugin-7.17.0.jar:/Users/sampritishome/.m2/repository/io/cucumber/docstring/7.17.0/docstring-7.17.0.jar:/Users/sampritishome/.m2/repository/io/cucumber/html-formatter/21.3.1/html-formatter-21.3.1.jar:/Users/sampritishome/.m2/repository/io/cucumber/junit-xml-formatter/0.4.0/junit-xml-formatter-0.4.0.jar:/Users/sampritishome/.m2/repository/io/cucumber/ci-environment/10.0.1/ci-environment-10.0.1.jar:/Users/sampritishome/.m2/repository/org/apiguardian/apiguardian-api/1.1.2/apiguardian-api-1.1.2.jar:/Users/sampritishome/.m2/repository/io/cucumber/cucumber-testng/7.17.0/cucumber-testng-7.17.0.jar:/Users/sampritishome/.m2/repository/com/aventstack/extentreports/5.1.1/extentreports-5.1.1.jar:/Users/sampritishome/.m2/repository/io/reactivex/rxjava3/rxjava/3.1.6/rxjava-3.1.6.jar:/Users/sampritishome/.m2/repository/org/reactivestreams/reactive-streams/1.0.4/reactive-streams-1.0.4.jar:/Users/sampritishome/.m2/repository/org/freemarker/freemarker/2.3.32/freemarker-2.3.32.jar:/Users/sampritishome/.m2/repository/org/projectlombok/lombok/1.18.26/lombok-1.18.26.jar:/Users/sampritishome/.m2/repository/com/google/code/gson/gson/2.10.1/gson-2.10.1.jar:/Users/sampritishome/.m2/repository/org/seleniumhq/selenium/selenium-java/4.19.1/selenium-java-4.19.1.jar:/Users/sampritishome/.m2/repository/org/seleniumhq/selenium/selenium-api/4.19.1/selenium-api-4.19.1.jar:/Users/sampritishome/.m2/repository/org/seleniumhq/selenium/selenium-chrome-driver/4.19.1/selenium-chrome-driver-4.19.1.jar:/Users/sampritishome/.m2/repository/com/google/auto/service/auto-service-annotations/1.1.1/auto-service-annotations-1.1.1.jar:/Users/sampritishome/.m2/repository/org/seleniumhq/selenium/selenium-chromium-driver/4.19.1/selenium-chromium-driver-4.19.1.jar:/Users/sampritishome/.m2/repository/org/seleniumhq/selenium/selenium-json/4.19.1/selenium-json-4.19.1.jar:/Users/sampritishome/.m2/repository/org/seleniumhq/selenium/selenium-manager/4.19.1/selenium-manager-4.19.1.jar:/Users/sampritishome/.m2/repository/org/seleniumhq/selenium/selenium-devtools-v121/4.19.1/selenium-devtools-v121-4.19.1.jar:/Users/sampritishome/.m2/repository/org/seleniumhq/selenium/selenium-devtools-v122/4.19.1/selenium-devtools-v122-4.19.1.jar:/Users/sampritishome/.m2/repository/org/seleniumhq/selenium/selenium-devtools-v123/4.19.1/selenium-devtools-v123-4.19.1.jar:/Users/sampritishome/.m2/repository/org/seleniumhq/selenium/selenium-devtools-v85/4.19.1/selenium-devtools-v85-4.19.1.jar:/Users/sampritishome/.m2/repository/org/seleniumhq/selenium/selenium-edge-driver/4.19.1/selenium-edge-driver-4.19.1.jar:/Users/sampritishome/.m2/repository/org/seleniumhq/selenium/selenium-firefox-driver/4.19.1/selenium-firefox-driver-4.19.1.jar:/Users/sampritishome/.m2/repository/org/seleniumhq/selenium/selenium-http/4.19.1/selenium-http-4.19.1.jar:/Users/sampritishome/.m2/repository/dev/failsafe/failsafe/3.3.2/failsafe-3.3.2.jar:/Users/sampritishome/.m2/repository/org/seleniumhq/selenium/selenium-ie-driver/4.19.1/selenium-ie-driver-4.19.1.jar:/Users/sampritishome/.m2/repository/org/seleniumhq/selenium/selenium-remote-driver/4.19.1/selenium-remote-driver-4.19.1.jar:/Users/sampritishome/.m2/repository/com/google/guava/guava/33.1.0-jre/guava-33.1.0-jre.jar:/Users/sampritishome/.m2/repository/com/google/guava/failureaccess/1.0.2/failureaccess-1.0.2.jar:/Users/sampritishome/.m2/repository/com/google/guava/listenablefuture/9999.0-empty-to-avoid-conflict-with-guava/listenablefuture-9999.0-empty-to-avoid-conflict-with-guava.jar:/Users/sampritishome/.m2/repository/com/google/code/findbugs/jsr305/3.0.2/jsr305-3.0.2.jar:/Users/sampritishome/.m2/repository/org/checkerframework/checker-qual/3.42.0/checker-qual-3.42.0.jar:/Users/sampritishome/.m2/repository/com/google/errorprone/error_prone_annotations/2.26.1/error_prone_annotations-2.26.1.jar:/Users/sampritishome/.m2/repository/com/google/j2objc/j2objc-annotations/3.0.0/j2objc-annotations-3.0.0.jar:/Users/sampritishome/.m2/repository/io/opentelemetry/semconv/opentelemetry-semconv/1.23.1-alpha/opentelemetry-semconv-1.23.1-alpha.jar:/Users/sampritishome/.m2/repository/io/opentelemetry/opentelemetry-api/1.36.0/opentelemetry-api-1.36.0.jar:/Users/sampritishome/.m2/repository/io/opentelemetry/opentelemetry-context/1.36.0/opentelemetry-context-1.36.0.jar:/Users/sampritishome/.m2/repository/io/opentelemetry/opentelemetry-exporter-logging/1.36.0/opentelemetry-exporter-logging-1.36.0.jar:/Users/sampritishome/.m2/repository/io/opentelemetry/opentelemetry-sdk-common/1.36.0/opentelemetry-sdk-common-1.36.0.jar:/Users/sampritishome/.m2/repository/io/opentelemetry/opentelemetry-sdk-extension-autoconfigure-spi/1.36.0/opentelemetry-sdk-extension-autoconfigure-spi-1.36.0.jar:/Users/sampritishome/.m2/repository/io/opentelemetry/opentelemetry-sdk-extension-autoconfigure/1.36.0/opentelemetry-sdk-extension-autoconfigure-1.36.0.jar:/Users/sampritishome/.m2/repository/io/opentelemetry/opentelemetry-api-events/1.36.0-alpha/opentelemetry-api-events-1.36.0-alpha.jar:/Users/sampritishome/.m2/repository/io/opentelemetry/opentelemetry-sdk-trace/1.36.0/opentelemetry-sdk-trace-1.36.0.jar:/Users/sampritishome/.m2/repository/io/opentelemetry/opentelemetry-extension-incubator/1.36.0-alpha/opentelemetry-extension-incubator-1.36.0-alpha.jar:/Users/sampritishome/.m2/repository/io/opentelemetry/opentelemetry-sdk/1.36.0/opentelemetry-sdk-1.36.0.jar:/Users/sampritishome/.m2/repository/io/opentelemetry/opentelemetry-sdk-metrics/1.36.0/opentelemetry-sdk-metrics-1.36.0.jar:/Users/sampritishome/.m2/repository/io/opentelemetry/opentelemetry-sdk-logs/1.36.0/opentelemetry-sdk-logs-1.36.0.jar:/Users/sampritishome/.m2/repository/org/seleniumhq/selenium/selenium-os/4.19.1/selenium-os-4.19.1.jar:/Users/sampritishome/.m2/repository/org/apache/commons/commons-exec/1.3/commons-exec-1.3.jar:/Users/sampritishome/.m2/repository/org/seleniumhq/selenium/selenium-safari-driver/4.19.1/selenium-safari-driver-4.19.1.jar:/Users/sampritishome/.m2/repository/org/seleniumhq/selenium/selenium-support/4.19.1/selenium-support-4.19.1.jar:/Users/sampritishome/.m2/repository/io/github/bonigarcia/webdrivermanager/5.8.0/webdrivermanager-5.8.0.jar:/Users/sampritishome/.m2/repository/com/github/docker-java/docker-java/3.3.6/docker-java-3.3.6.jar:/Users/sampritishome/.m2/repository/com/github/docker-java/docker-java-core/3.3.6/docker-java-core-3.3.6.jar:/Users/sampritishome/.m2/repository/com/github/docker-java/docker-java-api/3.3.6/docker-java-api-3.3.6.jar:/Users/sampritishome/.m2/repository/org/bouncycastle/bcpkix-jdk18on/1.76/bcpkix-jdk18on-1.76.jar:/Users/sampritishome/.m2/repository/org/bouncycastle/bcprov-jdk18on/1.76/bcprov-jdk18on-1.76.jar:/Users/sampritishome/.m2/repository/org/bouncycastle/bcutil-jdk18on/1.76/bcutil-jdk18on-1.76.jar:/Users/sampritishome/.m2/repository/org/slf4j/jcl-over-slf4j/1.7.30/jcl-over-slf4j-1.7.30.jar:/Users/sampritishome/.m2/repository/com/github/docker-java/docker-java-transport-httpclient5/3.3.6/docker-java-transport-httpclient5-3.3.6.jar:/Users/sampritishome/.m2/repository/com/github/docker-java/docker-java-transport/3.3.6/docker-java-transport-3.3.6.jar:/Users/sampritishome/.m2/repository/net/java/dev/jna/jna/5.13.0/jna-5.13.0.jar:/Users/sampritishome/.m2/repository/org/brotli/dec/0.1.2/dec-0.1.2.jar:/Users/sampritishome/.m2/repository/org/apache/commons/commons-lang3/3.14.0/commons-lang3-3.14.0.jar:/Users/sampritishome/.m2/repository/org/apache/commons/commons-compress/1.26.1/commons-compress-1.26.1.jar:/Users/sampritishome/.m2/repository/commons-codec/commons-codec/1.16.1/commons-codec-1.16.1.jar:/Users/sampritishome/.m2/repository/commons-io/commons-io/2.15.1/commons-io-2.15.1.jar:/Users/sampritishome/.m2/repository/org/apache/httpcomponents/client5/httpclient5/5.2.1/httpclient5-5.2.1.jar:/Users/sampritishome/.m2/repository/org/apache/httpcomponents/core5/httpcore5/5.2/httpcore5-5.2.jar:/Users/sampritishome/.m2/repository/org/apache/httpcomponents/core5/httpcore5-h2/5.2/httpcore5-h2-5.2.jar:"/>
    <property name="java.vm.vendor" value="Oracle Corporation"/>
    <property name="sun.arch.data.model" value="64"/>
    <property name="java.vendor.url" value="https://java.oracle.com/"/>
    <property name="user.timezone" value="Asia/Kolkata"/>
    <property name="os.name" value="Mac OS X"/>
    <property name="java.vm.specification.version" value="21"/>
    <property name="sun.java.launcher" value="SUN_STANDARD"/>
    <property name="user.country" value="IN"/>
    <property name="sun.boot.library.path" value="/Library/Java/JavaVirtualMachines/jdk-21.jdk/Contents/Home/lib"/>
    <property name="sun.java.command" value="/Users/sampritishome/Documents/Automation/mavensample/target/surefire/surefirebooter-20240509203332024_3.jar /Users/sampritishome/Documents/Automation/mavensample/target/surefire 2024-05-09T20-33-31_959-jvmRun1 surefire-20240509203332024_1tmp surefire_0-20240509203332024_2tmp"/>
    <property name="http.nonProxyHosts" value="local|*.local|169.254/16|*.169.254/16"/>
    <property name="jdk.debug" value="release"/>
    <property name="surefire.test.class.path" value="/Users/sampritishome/Documents/Automation/mavensample/target/test-classes:/Users/sampritishome/Documents/Automation/mavensample/target/classes:/Users/sampritishome/.m2/repository/org/testng/testng/7.10.1/testng-7.10.1.jar:/Users/sampritishome/.m2/repository/org/slf4j/slf4j-api/1.7.36/slf4j-api-1.7.36.jar:/Users/sampritishome/.m2/repository/com/beust/jcommander/1.82/jcommander-1.82.jar:/Users/sampritishome/.m2/repository/org/webjars/jquery/3.7.1/jquery-3.7.1.jar:/Users/sampritishome/.m2/repository/com/fasterxml/jackson/core/jackson-databind/2.17.0/jackson-databind-2.17.0.jar:/Users/sampritishome/.m2/repository/com/fasterxml/jackson/core/jackson-annotations/2.17.0/jackson-annotations-2.17.0.jar:/Users/sampritishome/.m2/repository/com/fasterxml/jackson/core/jackson-core/2.17.0/jackson-core-2.17.0.jar:/Users/sampritishome/.m2/repository/net/bytebuddy/byte-buddy/1.14.9/byte-buddy-1.14.9.jar:/Users/sampritishome/.m2/repository/io/cucumber/cucumber-java/7.17.0/cucumber-java-7.17.0.jar:/Users/sampritishome/.m2/repository/io/cucumber/cucumber-core/7.17.0/cucumber-core-7.17.0.jar:/Users/sampritishome/.m2/repository/io/cucumber/cucumber-gherkin/7.17.0/cucumber-gherkin-7.17.0.jar:/Users/sampritishome/.m2/repository/io/cucumber/cucumber-gherkin-messages/7.17.0/cucumber-gherkin-messages-7.17.0.jar:/Users/sampritishome/.m2/repository/io/cucumber/gherkin/28.0.0/gherkin-28.0.0.jar:/Users/sampritishome/.m2/repository/io/cucumber/messages/24.1.0/messages-24.1.0.jar:/Users/sampritishome/.m2/repository/io/cucumber/testng-xml-formatter/0.1.0/testng-xml-formatter-0.1.0.jar:/Users/sampritishome/.m2/repository/io/cucumber/query/12.1.2/query-12.1.2.jar:/Users/sampritishome/.m2/repository/io/cucumber/tag-expressions/6.1.0/tag-expressions-6.1.0.jar:/Users/sampritishome/.m2/repository/io/cucumber/cucumber-expressions/17.1.0/cucumber-expressions-17.1.0.jar:/Users/sampritishome/.m2/repository/io/cucumber/datatable/7.17.0/datatable-7.17.0.jar:/Users/sampritishome/.m2/repository/io/cucumber/cucumber-plugin/7.17.0/cucumber-plugin-7.17.0.jar:/Users/sampritishome/.m2/repository/io/cucumber/docstring/7.17.0/docstring-7.17.0.jar:/Users/sampritishome/.m2/repository/io/cucumber/html-formatter/21.3.1/html-formatter-21.3.1.jar:/Users/sampritishome/.m2/repository/io/cucumber/junit-xml-formatter/0.4.0/junit-xml-formatter-0.4.0.jar:/Users/sampritishome/.m2/repository/io/cucumber/ci-environment/10.0.1/ci-environment-10.0.1.jar:/Users/sampritishome/.m2/repository/org/apiguardian/apiguardian-api/1.1.2/apiguardian-api-1.1.2.jar:/Users/sampritishome/.m2/repository/io/cucumber/cucumber-testng/7.17.0/cucumber-testng-7.17.0.jar:/Users/sampritishome/.m2/repository/com/aventstack/extentreports/5.1.1/extentreports-5.1.1.jar:/Users/sampritishome/.m2/repository/io/reactivex/rxjava3/rxjava/3.1.6/rxjava-3.1.6.jar:/Users/sampritishome/.m2/repository/org/reactivestreams/reactive-streams/1.0.4/reactive-streams-1.0.4.jar:/Users/sampritishome/.m2/repository/org/freemarker/freemarker/2.3.32/freemarker-2.3.32.jar:/Users/sampritishome/.m2/repository/org/projectlombok/lombok/1.18.26/lombok-1.18.26.jar:/Users/sampritishome/.m2/repository/com/google/code/gson/gson/2.10.1/gson-2.10.1.jar:/Users/sampritishome/.m2/repository/org/seleniumhq/selenium/selenium-java/4.19.1/selenium-java-4.19.1.jar:/Users/sampritishome/.m2/repository/org/seleniumhq/selenium/selenium-api/4.19.1/selenium-api-4.19.1.jar:/Users/sampritishome/.m2/repository/org/seleniumhq/selenium/selenium-chrome-driver/4.19.1/selenium-chrome-driver-4.19.1.jar:/Users/sampritishome/.m2/repository/com/google/auto/service/auto-service-annotations/1.1.1/auto-service-annotations-1.1.1.jar:/Users/sampritishome/.m2/repository/org/seleniumhq/selenium/selenium-chromium-driver/4.19.1/selenium-chromium-driver-4.19.1.jar:/Users/sampritishome/.m2/repository/org/seleniumhq/selenium/selenium-json/4.19.1/selenium-json-4.19.1.jar:/Users/sampritishome/.m2/repository/org/seleniumhq/selenium/selenium-manager/4.19.1/selenium-manager-4.19.1.jar:/Users/sampritishome/.m2/repository/org/seleniumhq/selenium/selenium-devtools-v121/4.19.1/selenium-devtools-v121-4.19.1.jar:/Users/sampritishome/.m2/repository/org/seleniumhq/selenium/selenium-devtools-v122/4.19.1/selenium-devtools-v122-4.19.1.jar:/Users/sampritishome/.m2/repository/org/seleniumhq/selenium/selenium-devtools-v123/4.19.1/selenium-devtools-v123-4.19.1.jar:/Users/sampritishome/.m2/repository/org/seleniumhq/selenium/selenium-devtools-v85/4.19.1/selenium-devtools-v85-4.19.1.jar:/Users/sampritishome/.m2/repository/org/seleniumhq/selenium/selenium-edge-driver/4.19.1/selenium-edge-driver-4.19.1.jar:/Users/sampritishome/.m2/repository/org/seleniumhq/selenium/selenium-firefox-driver/4.19.1/selenium-firefox-driver-4.19.1.jar:/Users/sampritishome/.m2/repository/org/seleniumhq/selenium/selenium-http/4.19.1/selenium-http-4.19.1.jar:/Users/sampritishome/.m2/repository/dev/failsafe/failsafe/3.3.2/failsafe-3.3.2.jar:/Users/sampritishome/.m2/repository/org/seleniumhq/selenium/selenium-ie-driver/4.19.1/selenium-ie-driver-4.19.1.jar:/Users/sampritishome/.m2/repository/org/seleniumhq/selenium/selenium-remote-driver/4.19.1/selenium-remote-driver-4.19.1.jar:/Users/sampritishome/.m2/repository/com/google/guava/guava/33.1.0-jre/guava-33.1.0-jre.jar:/Users/sampritishome/.m2/repository/com/google/guava/failureaccess/1.0.2/failureaccess-1.0.2.jar:/Users/sampritishome/.m2/repository/com/google/guava/listenablefuture/9999.0-empty-to-avoid-conflict-with-guava/listenablefuture-9999.0-empty-to-avoid-conflict-with-guava.jar:/Users/sampritishome/.m2/repository/com/google/code/findbugs/jsr305/3.0.2/jsr305-3.0.2.jar:/Users/sampritishome/.m2/repository/org/checkerframework/checker-qual/3.42.0/checker-qual-3.42.0.jar:/Users/sampritishome/.m2/repository/com/google/errorprone/error_prone_annotations/2.26.1/error_prone_annotations-2.26.1.jar:/Users/sampritishome/.m2/repository/com/google/j2objc/j2objc-annotations/3.0.0/j2objc-annotations-3.0.0.jar:/Users/sampritishome/.m2/repository/io/opentelemetry/semconv/opentelemetry-semconv/1.23.1-alpha/opentelemetry-semconv-1.23.1-alpha.jar:/Users/sampritishome/.m2/repository/io/opentelemetry/opentelemetry-api/1.36.0/opentelemetry-api-1.36.0.jar:/Users/sampritishome/.m2/repository/io/opentelemetry/opentelemetry-context/1.36.0/opentelemetry-context-1.36.0.jar:/Users/sampritishome/.m2/repository/io/opentelemetry/opentelemetry-exporter-logging/1.36.0/opentelemetry-exporter-logging-1.36.0.jar:/Users/sampritishome/.m2/repository/io/opentelemetry/opentelemetry-sdk-common/1.36.0/opentelemetry-sdk-common-1.36.0.jar:/Users/sampritishome/.m2/repository/io/opentelemetry/opentelemetry-sdk-extension-autoconfigure-spi/1.36.0/opentelemetry-sdk-extension-autoconfigure-spi-1.36.0.jar:/Users/sampritishome/.m2/repository/io/opentelemetry/opentelemetry-sdk-extension-autoconfigure/1.36.0/opentelemetry-sdk-extension-autoconfigure-1.36.0.jar:/Users/sampritishome/.m2/repository/io/opentelemetry/opentelemetry-api-events/1.36.0-alpha/opentelemetry-api-events-1.36.0-alpha.jar:/Users/sampritishome/.m2/repository/io/opentelemetry/opentelemetry-sdk-trace/1.36.0/opentelemetry-sdk-trace-1.36.0.jar:/Users/sampritishome/.m2/repository/io/opentelemetry/opentelemetry-extension-incubator/1.36.0-alpha/opentelemetry-extension-incubator-1.36.0-alpha.jar:/Users/sampritishome/.m2/repository/io/opentelemetry/opentelemetry-sdk/1.36.0/opentelemetry-sdk-1.36.0.jar:/Users/sampritishome/.m2/repository/io/opentelemetry/opentelemetry-sdk-metrics/1.36.0/opentelemetry-sdk-metrics-1.36.0.jar:/Users/sampritishome/.m2/repository/io/opentelemetry/opentelemetry-sdk-logs/1.36.0/opentelemetry-sdk-logs-1.36.0.jar:/Users/sampritishome/.m2/repository/org/seleniumhq/selenium/selenium-os/4.19.1/selenium-os-4.19.1.jar:/Users/sampritishome/.m2/repository/org/apache/commons/commons-exec/1.3/commons-exec-1.3.jar:/Users/sampritishome/.m2/repository/org/seleniumhq/selenium/selenium-safari-driver/4.19.1/selenium-safari-driver-4.19.1.jar:/Users/sampritishome/.m2/repository/org/seleniumhq/selenium/selenium-support/4.19.1/selenium-support-4.19.1.jar:/Users/sampritishome/.m2/repository/io/github/bonigarcia/webdrivermanager/5.8.0/webdrivermanager-5.8.0.jar:/Users/sampritishome/.m2/repository/com/github/docker-java/docker-java/3.3.6/docker-java-3.3.6.jar:/Users/sampritishome/.m2/repository/com/github/docker-java/docker-java-core/3.3.6/docker-java-core-3.3.6.jar:/Users/sampritishome/.m2/repository/com/github/docker-java/docker-java-api/3.3.6/docker-java-api-3.3.6.jar:/Users/sampritishome/.m2/repository/org/bouncycastle/bcpkix-jdk18on/1.76/bcpkix-jdk18on-1.76.jar:/Users/sampritishome/.m2/repository/org/bouncycastle/bcprov-jdk18on/1.76/bcprov-jdk18on-1.76.jar:/Users/sampritishome/.m2/repository/org/bouncycastle/bcutil-jdk18on/1.76/bcutil-jdk18on-1.76.jar:/Users/sampritishome/.m2/repository/org/slf4j/jcl-over-slf4j/1.7.30/jcl-over-slf4j-1.7.30.jar:/Users/sampritishome/.m2/repository/com/github/docker-java/docker-java-transport-httpclient5/3.3.6/docker-java-transport-httpclient5-3.3.6.jar:/Users/sampritishome/.m2/repository/com/github/docker-java/docker-java-transport/3.3.6/docker-java-transport-3.3.6.jar:/Users/sampritishome/.m2/repository/net/java/dev/jna/jna/5.13.0/jna-5.13.0.jar:/Users/sampritishome/.m2/repository/org/brotli/dec/0.1.2/dec-0.1.2.jar:/Users/sampritishome/.m2/repository/org/apache/commons/commons-lang3/3.14.0/commons-lang3-3.14.0.jar:/Users/sampritishome/.m2/repository/org/apache/commons/commons-compress/1.26.1/commons-compress-1.26.1.jar:/Users/sampritishome/.m2/repository/commons-codec/commons-codec/1.16.1/commons-codec-1.16.1.jar:/Users/sampritishome/.m2/repository/commons-io/commons-io/2.15.1/commons-io-2.15.1.jar:/Users/sampritishome/.m2/repository/org/apache/httpcomponents/client5/httpclient5/5.2.1/httpclient5-5.2.1.jar:/Users/sampritishome/.m2/repository/org/apache/httpcomponents/core5/httpcore5/5.2/httpcore5-5.2.jar:/Users/sampritishome/.m2/repository/org/apache/httpcomponents/core5/httpcore5-h2/5.2/httpcore5-h2-5.2.jar:"/>
    <property name="sun.cpu.endian" value="little"/>
    <property name="user.home" value="/Users/sampritishome"/>
    <property name="user.language" value="en"/>
    <property name="java.specification.vendor" value="Oracle Corporation"/>
    <property name="java.version.date" value="2023-10-17"/>
    <property name="java.home" value="/Library/Java/JavaVirtualMachines/jdk-21.jdk/Contents/Home"/>
    <property name="file.separator" value="/"/>
    <property name="basedir" value="/Users/sampritishome/Documents/Automation/mavensample"/>
    <property name="java.vm.compressedOopsMode" value="Zero based"/>
    <property name="line.separator" value="&#10;"/>
    <property name="java.vm.specification.vendor" value="Oracle Corporation"/>
    <property name="java.specification.name" value="Java Platform API Specification"/>
    <property name="apple.awt.application.name" value="ForkedBooter"/>
    <property name="surefire.real.class.path" value="/Users/sampritishome/Documents/Automation/mavensample/target/surefire/surefirebooter-20240509203332024_3.jar"/>
    <property name="sun.management.compiler" value="HotSpot 64-Bit Tiered Compilers"/>
    <property name="ftp.nonProxyHosts" value="local|*.local|169.254/16|*.169.254/16"/>
    <property name="java.runtime.version" value="21.0.1+12-LTS-29"/>
    <property name="user.name" value="sampritishome"/>
    <property name="stdout.encoding" value="UTF-8"/>
    <property name="path.separator" value=":"/>
    <property name="os.version" value="14.2.1"/>
    <property name="java.runtime.name" value="Java(TM) SE Runtime Environment"/>
    <property name="file.encoding" value="UTF-8"/>
    <property name="browser" value="chromeheadless"/>
    <property name="java.vm.name" value="Java HotSpot(TM) 64-Bit Server VM"/>
    <property name="localRepository" value="/Users/sampritishome/.m2/repository"/>
    <property name="java.vendor.url.bug" value="https://bugreport.java.com/bugreport/"/>
    <property name="java.io.tmpdir" value="/var/folders/y6/5ks0r9952h1g_wcn23xhps600000gn/T/"/>
    <property name="java.version" value="21.0.1"/>
    <property name="user.dir" value="/Users/sampritishome/Documents/Automation/mavensample"/>
    <property name="os.arch" value="aarch64"/>
    <property name="java.vm.specification.name" value="Java Virtual Machine Specification"/>
    <property name="native.encoding" value="UTF-8"/>
    <property name="java.library.path" value="/Users/sampritishome/Library/Java/Extensions:/Library/Java/Extensions:/Network/Library/Java/Extensions:/System/Library/Java/Extensions:/usr/lib/java:."/>
    <property name="java.vm.info" value="mixed mode, sharing"/>
    <property name="stderr.encoding" value="UTF-8"/>
    <property name="java.vendor" value="Oracle Corporation"/>
    <property name="java.vm.version" value="21.0.1+12-LTS-29"/>
    <property name="sun.io.unicode.encoding" value="UnicodeBig"/>
    <property name="socksNonProxyHosts" value="local|*.local|169.254/16|*.169.254/16"/>
    <property name="java.class.version" value="65.0"/>
  </properties>
  <testcase name="LoginErrorValidation" classname="rahulshettyacademy.ErrorValidation" time="1.096">
    <system-err><![CDATA[SLF4J: Failed to load class "org.slf4j.impl.StaticLoggerBinder".
SLF4J: Defaulting to no-operation (NOP) logger implementation
SLF4J: See http://www.slf4j.org/codes.html#StaticLoggerBinder for further details.
May 09, 2024 8:33:34 PM org.openqa.selenium.devtools.CdpVersionFinder findNearestMatch
WARNING: Unable to find an exact match for CDP version 124, returning the closest version; found: 123; Please update to a Selenium version that supports CDP version 124
May 09, 2024 8:33:34 PM org.openqa.selenium.devtools.CdpVersionFinder findNearestMatch
WARNING: Unable to find an exact match for CDP version 124, returning the closest version; found: 123; Please update to a Selenium version that supports CDP version 124
]]></system-err>
  </testcase>
  <testcase name="submitOrder[{password=Mellon@107, email=Lorraine@gmail.com, productName=IPHONE 13 PRO}](1)" classname="rahulshettyacademy.SubmitOrderTest" time="2.88">
    <failure message="expected [true] but found [false]" type="java.lang.AssertionError"><![CDATA[java.lang.AssertionError: expected [true] but found [false]
	at org.testng.Assert.fail(Assert.java:111)
	at org.testng.Assert.failNotEquals(Assert.java:1578)
	at org.testng.Assert.assertTrue(Assert.java:57)
	at org.testng.Assert.assertTrue(Assert.java:67)
	at rahulshettyacademy.SubmitOrderTest.submitOrder(SubmitOrderTest.java:67)
	at java.base/jdk.internal.reflect.DirectMethodHandleAccessor.invoke(DirectMethodHandleAccessor.java:103)
	at java.base/java.lang.reflect.Method.invoke(Method.java:580)
	at org.testng.internal.invokers.MethodInvocationHelper.invokeMethod(MethodInvocationHelper.java:141)
	at org.testng.internal.invokers.TestInvoker.invokeMethod(TestInvoker.java:686)
	at org.testng.internal.invokers.TestInvoker.invokeTestMethod(TestInvoker.java:230)
	at org.testng.internal.invokers.MethodRunner.runInSequence(MethodRunner.java:63)
	at org.testng.internal.invokers.TestInvoker$MethodInvocationAgent.invoke(TestInvoker.java:992)
	at org.testng.internal.invokers.TestInvoker.invokeTestMethods(TestInvoker.java:203)
	at org.testng.internal.invokers.TestMethodWorker.invokeTestMethods(TestMethodWorker.java:154)
	at org.testng.internal.invokers.TestMethodWorker.run(TestMethodWorker.java:134)
	at java.base/java.util.ArrayList.forEach(ArrayList.java:1596)
	at org.testng.TestRunner.privateRun(TestRunner.java:739)
	at org.testng.TestRunner.run(TestRunner.java:614)
	at org.testng.SuiteRunner.runTest(SuiteRunner.java:421)
	at org.testng.SuiteRunner$SuiteWorker.run(SuiteRunner.java:463)
	at org.testng.internal.thread.ThreadUtil.lambda$execute$0(ThreadUtil.java:64)
	at java.base/java.util.concurrent.FutureTask.run(FutureTask.java:317)
	at java.base/java.util.concurrent.ThreadPoolExecutor.runWorker(ThreadPoolExecutor.java:1144)
	at java.base/java.util.concurrent.ThreadPoolExecutor$Worker.run(ThreadPoolExecutor.java:642)
	at java.base/java.lang.Thread.run(Thread.java:1583)
]]></failure>
    <system-err><![CDATA[May 09, 2024 8:33:37 PM org.openqa.selenium.devtools.CdpVersionFinder findNearestMatch
WARNING: Unable to find an exact match for CDP version 124, returning the closest version; found: 123; Please update to a Selenium version that supports CDP version 124
]]></system-err>
  </testcase>
  <testcase name="submitOrder[{password=Mellon@31, email=sampriti.shome009@gmail.com, productName=ZARA COAT 3}](2)" classname="rahulshettyacademy.SubmitOrderTest" time="2.658"/>
  <testcase name="OrderHistoryTest" classname="rahulshettyacademy.SubmitOrderTest" time="0.0">
    <skipped message="Method rahulshettyacademy.SubmitOrderTest.OrderHistoryTest() on instance rahulshettyacademy.SubmitOrderTest@70e9c95d depends on not successfully finished methods &#10;[rahulshettyacademy.SubmitOrderTest.submitOrder() on instance rahulshettyacademy.SubmitOrderTest@70e9c95d]"/>
  </testcase>
  <testcase name="ProductErrorValidation" classname="rahulshettyacademy.ErrorValidation$SubmitOrderTest" time="1.27">
    <failure message="expected [false] but found [true]" type="java.lang.AssertionError"><![CDATA[java.lang.AssertionError: expected [false] but found [true]
	at org.testng.Assert.fail(Assert.java:111)
	at org.testng.Assert.failNotEquals(Assert.java:1578)
	at org.testng.Assert.assertFalse(Assert.java:79)
	at org.testng.Assert.assertFalse(Assert.java:89)
	at rahulshettyacademy.ErrorValidation$SubmitOrderTest.ProductErrorValidation(ErrorValidation.java:61)
	at java.base/jdk.internal.reflect.DirectMethodHandleAccessor.invoke(DirectMethodHandleAccessor.java:103)
	at java.base/java.lang.reflect.Method.invoke(Method.java:580)
	at org.testng.internal.invokers.MethodInvocationHelper.invokeMethod(MethodInvocationHelper.java:141)
	at org.testng.internal.invokers.TestInvoker.invokeMethod(TestInvoker.java:686)
	at org.testng.internal.invokers.TestInvoker.invokeTestMethod(TestInvoker.java:230)
	at org.testng.internal.invokers.MethodRunner.runInSequence(MethodRunner.java:63)
	at org.testng.internal.invokers.TestInvoker$MethodInvocationAgent.invoke(TestInvoker.java:992)
	at org.testng.internal.invokers.TestInvoker.invokeTestMethods(TestInvoker.java:203)
	at org.testng.internal.invokers.TestMethodWorker.invokeTestMethods(TestMethodWorker.java:154)
	at org.testng.internal.invokers.TestMethodWorker.run(TestMethodWorker.java:134)
	at java.base/java.util.ArrayList.forEach(ArrayList.java:1596)
	at org.testng.TestRunner.privateRun(TestRunner.java:739)
	at org.testng.TestRunner.run(TestRunner.java:614)
	at org.testng.SuiteRunner.runTest(SuiteRunner.java:421)
	at org.testng.SuiteRunner$SuiteWorker.run(SuiteRunner.java:463)
	at org.testng.internal.thread.ThreadUtil.lambda$execute$0(ThreadUtil.java:64)
	at java.base/java.util.concurrent.FutureTask.run(FutureTask.java:317)
	at java.base/java.util.concurrent.ThreadPoolExecutor.runWorker(ThreadPoolExecutor.java:1144)
	at java.base/java.util.concurrent.ThreadPoolExecutor$Worker.run(ThreadPoolExecutor.java:642)
	at java.base/java.lang.Thread.run(Thread.java:1583)
]]></failure>
    <system-err><![CDATA[May 09, 2024 8:33:39 PM org.openqa.selenium.devtools.CdpVersionFinder findNearestMatch
WARNING: Unable to find an exact match for CDP version 124, returning the closest version; found: 123; Please update to a Selenium version that supports CDP version 124
]]></system-err>
  </testcase>
</testsuite>