<?xml version="1.0" encoding="UTF-8"?>
<!-- Generated by org.testng.reporters.JUnitReportReporter -->
<testsuite hostname="sampritis-MacBook-Pro.local" failures="0" tests="6" name="test.day3" time="0.066" errors="0" timestamp="2024-04-24T22:08:32 IST" skipped="0">
  <testcase classname="test.day3" name="MobileLoginCarLoan" time="0.006"/>
  <testcase classname="test.day3" name="MobileSignOutCarLoan" time="0.014"/>
  <testcase classname="test.day3" name="WebCarLogin" time="0.003"/>
  <testcase classname="test.day3" name="MobileSignOutCarLoan" time="0.012"/>
  <testcase classname="test.day3" name="MobileSignInCarLoan" time="0.014"/>
  <testcase classname="test.day3" name="MobileSignOutCarLoan" time="0.017"/>
</testsuite> <!-- test.day3 -->
