<?xml version="1.0" encoding="UTF-8"?>
<!-- Generated by org.testng.reporters.JUnitReportReporter -->
<testsuite hostname="sampritis-MacBook-Pro.local" failures="0" tests="1" name="test.day4" time="0.005" errors="0" timestamp="2024-04-24T22:08:32 IST" skipped="0">
  <testcase classname="test.day4" name="NewtravelLoan" time="0.005"/>
</testsuite> <!-- test.day4 -->
