<?xml version="1.0" encoding="UTF-8"?>
<!-- Generated by org.testng.reporters.JUnitReportReporter -->
<testsuite hostname="sampritis-MacBook-Pro.local" failures="0" tests="1" name="rahulshettyacademy.ErrorValidation" time="4.400" errors="0" timestamp="2024-05-09T20:33:43 IST" skipped="0">
  <testcase classname="rahulshettyacademy.ErrorValidation" name="LoginErrorValidation" time="4.400"/>
</testsuite> <!-- rahulshettyacademy.ErrorValidation -->
