<?xml version="1.0" encoding="UTF-8"?>
<!-- Generated by org.testng.reporters.JUnitReportReporter -->
<testsuite hostname="sampritis-MacBook-Pro.local" failures="0" tests="1" name="ExtentReports.ExtentReportDemo" time="23.006" errors="0" timestamp="2024-05-01T20:09:05 IST" skipped="0">
  <testcase classname="ExtentReports.ExtentReportDemo" name="initialDemo" time="23.006"/>
</testsuite> <!-- ExtentReports.ExtentReportDemo -->
