<?xml version="1.0" encoding="UTF-8"?>
<!-- Generated by org.testng.reporters.JUnitReportReporter -->
<testsuite hostname="sampritis-MacBook-Pro.local" failures="0" tests="1" name="rahulshettyacademy.ErrorValidation$SubmitOrderTest" time="41.055" errors="0" timestamp="2024-05-02T22:14:52 IST" skipped="0">
  <testcase classname="rahulshettyacademy.ErrorValidation$SubmitOrderTest" name="ProductErrorValidation" time="41.055"/>
</testsuite> <!-- rahulshettyacademy.ErrorValidation$SubmitOrderTest -->
