<?xml version="1.0" encoding="UTF-8"?>
<!-- Generated by org.testng.reporters.JUnitReportReporter -->
<testsuite hostname="sampritis-MacBook-Pro.local" failures="0" tests="1" name="org.sample.mavensample.day1" time="0.010" errors="0" timestamp="2024-04-23T18:54:04 IST" skipped="0">
  <testcase classname="org.sample.mavensample.day1" name="Demo" time="0.010"/>
</testsuite> <!-- org.sample.mavensample.day1 -->
