<?xml version="1.0" encoding="UTF-8"?>
<!-- Generated by org.testng.reporters.JUnitReportReporter -->
<testsuite hostname="sampritis-MacBook-Pro.local" failures="0" tests="2" name="cucumber.TestNGTestRunner" time="57.021" errors="0" timestamp="2024-05-09T20:21:48 IST" skipped="0">
  <testcase classname="cucumber.TestNGTestRunner" name="runScenario" time="22.210"/>
  <testcase classname="cucumber.TestNGTestRunner" name="runScenario" time="34.811"/>
</testsuite> <!-- cucumber.TestNGTestRunner -->
