<?xml version="1.0" encoding="UTF-8"?>
<!-- Generated by org.testng.reporters.JUnitReportReporter -->
<testsuite hostname="sampritis-MacBook-Pro.local" failures="0" tests="1" name="Java_Inheritance.PS2" time="0.036" errors="0" timestamp="2024-04-25T20:24:57 IST" skipped="0">
  <testcase classname="Java_Inheritance.PS2" name="testRun" time="0.036"/>
</testsuite> <!-- Java_Inheritance.PS2 -->
